#
# There is insufficient memory for the Java Runtime Environment to continue.
# Native memory allocation (malloc) failed to allocate 1048576 bytes for AllocateHeap
# Possible reasons:
#   The system is out of physical RAM or swap space
#   In 32 bit mode, the process size limit was hit
# Possible solutions:
#   Reduce memory load on the system
#   Increase physical memory or swap space
#   Check if swap backing store is full
#   Use 64 bit Java on a 64 bit OS
#   Decrease Java heap size (-Xmx/-Xms)
#   Decrease number of Java threads
#   Decrease Java thread stack sizes (-Xss)
#   Set larger code cache with -XX:ReservedCodeCacheSize=
# This output file may be truncated or incomplete.
#
#  Out of Memory Error (memory/allocation.inline.hpp:61), pid=12004, tid=15048
#
# JRE version:  (8.0_91-b15) (build )
# Java VM: Java HotSpot(TM) 64-Bit Server VM (25.91-b15 mixed mode windows-amd64 compressed oops)
# Failed to write core dump. Minidumps are not enabled by default on client versions of Windows
#

---------------  T H R E A D  ---------------

Current thread (0x0000000002310800):  JavaThread "Unknown thread" [_thread_in_vm, id=15048, stack(0x0000000002200000,0x0000000002300000)]

Stack: [0x0000000002200000,0x0000000002300000]
[error occurred during error reporting (printing stack bounds), id 0xc0000005]

Native frames: (J=compiled Java code, j=interpreted, Vv=VM code, C=native code)


---------------  P R O C E S S  ---------------

Java Threads: ( => current thread )

Other Threads:

=>0x0000000002310800 (exited) JavaThread "Unknown thread" [_thread_in_vm, id=15048, stack(0x0000000002200000,0x0000000002300000)]

VM state:not at safepoint (normal execution)

VM Mutex/Monitor currently owned by a thread: None

Heap:
 PSYoungGen      total 18432K, used 317K [0x00000000eb600000, 0x00000000eca80000, 0x0000000100000000)
  eden space 15872K, 2% used [0x00000000eb600000,0x00000000eb64f5d0,0x00000000ec580000)
  from space 2560K, 0% used [0x00000000ec800000,0x00000000ec800000,0x00000000eca80000)
  to   space 2560K, 0% used [0x00000000ec580000,0x00000000ec580000,0x00000000ec800000)
 ParOldGen       total 42496K, used 0K [0x00000000c2200000, 0x00000000c4b80000, 0x00000000eb600000)
  object space 42496K, 0% used [0x00000000c2200000,0x00000000c2200000,0x00000000c4b80000)
 Metaspace       used 746K, capacity 4480K, committed 4480K, reserved 1056768K
  class space    used 75K, capacity 384K, committed 384K, reserved 1048576K

Card table byte_map: [0x00000000117d0000,0x00000000119c0000] byte_map_base: 0x00000000111bf000

Marking Bits: (ParMarkBitMap*) 0x0000000066212f70
 Begin Bits: [0x0000000011f10000, 0x0000000012e88000)
 End Bits:   [0x0000000012e88000, 0x0000000013e00000)

Polling page: 0x0000000000990000

CodeCache: size=245760Kb used=328Kb max_used=328Kb free=245431Kb
 bounds [0x0000000002410000, 0x0000000002680000, 0x0000000011410000]
 total_blobs=58 nmethods=0 adapters=38
 compilation: enabled

Compilation events (0 events):
No events

GC Heap History (0 events):
No events

Deoptimization events (0 events):
No events

Internal exceptions (0 events):
No events

Events (10 events):
Event: 0.064 loading class java/lang/Short
Event: 0.064 loading class java/lang/Short done
Event: 0.064 loading class java/lang/Integer
Event: 0.064 loading class java/lang/Integer done
Event: 0.064 loading class java/lang/Long
Event: 0.065 loading class java/lang/Long done
Event: 0.066 loading class java/lang/NullPointerException
Event: 0.066 loading class java/lang/NullPointerException done
Event: 0.066 loading class java/lang/ArithmeticException
Event: 0.066 loading class java/lang/ArithmeticException done


Dynamic libraries:
0x00007ff6d7290000 - 0x00007ff6d72c7000 	C:\Program Files\Java\jre1.8.0_91\bin\javaw.exe
0x00007ffe10290000 - 0x00007ffe10451000 	C:\Windows\SYSTEM32\ntdll.dll
0x00007ffe0dc70000 - 0x00007ffe0dd1d000 	C:\Windows\system32\KERNEL32.DLL
0x00007ffe0c9b0000 - 0x00007ffe0cb98000 	C:\Windows\system32\KERNELBASE.dll
0x00007ffe0fd30000 - 0x00007ffe0fdd7000 	C:\Windows\system32\ADVAPI32.dll
0x00007ffe0d930000 - 0x00007ffe0d9cd000 	C:\Windows\system32\msvcrt.dll
0x00007ffe0d9d0000 - 0x00007ffe0da2b000 	C:\Windows\system32\sechost.dll
0x00007ffe0d810000 - 0x00007ffe0d92c000 	C:\Windows\system32\RPCRT4.dll
0x00007ffe0f620000 - 0x00007ffe0f776000 	C:\Windows\system32\USER32.dll
0x00007ffe0f490000 - 0x00007ffe0f616000 	C:\Windows\system32\GDI32.dll
0x00007ffe00fd0000 - 0x00007ffe01244000 	C:\Windows\WinSxS\amd64_microsoft.windows.common-controls_6595b64144ccf1df_6.0.10586.589_none_a2ddb3caa539acce\COMCTL32.dll
0x00007ffe0f780000 - 0x00007ffe0f9fd000 	C:\Windows\system32\combase.dll
0x00007ffe0c940000 - 0x00007ffe0c9aa000 	C:\Windows\system32\bcryptPrimitives.dll
0x00007ffe0fcf0000 - 0x00007ffe0fd2b000 	C:\Windows\system32\IMM32.DLL
0x00000000662a0000 - 0x0000000066372000 	C:\Program Files\Java\jre1.8.0_91\bin\msvcr100.dll
0x0000000065a00000 - 0x0000000066293000 	C:\Program Files\Java\jre1.8.0_91\bin\server\jvm.dll
0x00007ffe0fb30000 - 0x00007ffe0fb38000 	C:\Windows\system32\PSAPI.DLL
0x00007ffe00070000 - 0x00007ffe0007a000 	C:\Windows\SYSTEM32\VERSION.dll
0x00007ffe0afb0000 - 0x00007ffe0afd3000 	C:\Windows\SYSTEM32\WINMM.dll
0x00007ffdfa670000 - 0x00007ffdfa679000 	C:\Windows\SYSTEM32\WSOCK32.dll
0x00007ffe0da30000 - 0x00007ffe0da9b000 	C:\Windows\system32\WS2_32.dll
0x00000000009c0000 - 0x00000000009ec000 	C:\Windows\SYSTEM32\WINMMBASE.dll
0x00007ffe0d640000 - 0x00007ffe0d683000 	C:\Windows\system32\cfgmgr32.dll
0x00000000659f0000 - 0x00000000659ff000 	C:\Program Files\Java\jre1.8.0_91\bin\verify.dll
0x00000000659c0000 - 0x00000000659e9000 	C:\Program Files\Java\jre1.8.0_91\bin\java.dll
0x00000000659a0000 - 0x00000000659b6000 	C:\Program Files\Java\jre1.8.0_91\bin\zip.dll

VM Arguments:
jvm_args: -Dfile.encoding=Cp1252 
java_command: cab.invoice.generator.PackageSettings
java_class_path (initial): D:\College\JAVA\SampleProject\bin;E:\SOFTWARE\db2jcc (1).jar;E:\SOFTWARE\db2jcc_license_cu (2).jar;E:\SOFTWARE\mysql-5.0.51b-win32\mysql-connector-java-3.1.12.jar;E:\SOFTWARE\mysql-5.0.51b-win32\mysql-connector-java-5.0.8-bin.jar;E:\SOFTWARE\mysql-5.0.51b-win32\mysql-connector-java-5.1.18-bin.jar
Launcher Type: SUN_STANDARD

Environment Variables:
CLASSPATH=.;C:\PROGRA~1\IBM\SQLLIB\java\db2java.zip;C:\PROGRA~1\IBM\SQLLIB\java\db2jcc.jar;C:\PROGRA~1\IBM\SQLLIB\java\sqlj.zip;C:\PROGRA~1\IBM\SQLLIB\java\db2jcc_license_cu.jar;C:\PROGRA~1\IBM\SQLLIB\bin;C:\PROGRA~1\IBM\SQLLIB\java\common.jar
PATH=C:\ProgramData\Oracle\Java\javapath;C:\Windows\system32;C:\Windows;C:\Windows\System32\Wbem;C:\Windows\System32\WindowsPowerShell\v1.0\;C:\Program Files\ibm\gsk8\lib64;C:\Program Files (x86)\ibm\gsk8\lib;C:\Users\Laxman4\.dnx\bin;C:\Program Files\Microsoft DNX\Dnvm\;C:\PROGRA~1\IBM\SQLLIB\BIN;C:\PROGRA~1\IBM\SQLLIB\FUNCTION;C:\PROGRA~1\IBM\SQLLIB\SAMPLES\REPL;C:\Program Files\Java\jdk1.8.0_91\bin;
USERNAME=Laxman4
OS=Windows_NT
PROCESSOR_IDENTIFIER=Intel64 Family 6 Model 61 Stepping 4, GenuineIntel



---------------  S Y S T E M  ---------------

OS: Windows 10.0 , 64 bit Build 10586 (10.0.10586.589)

CPU:total 4 (2 cores per cpu, 2 threads per core) family 6 model 61 stepping 4, cmov, cx8, fxsr, mmx, sse, sse2, sse3, ssse3, sse4.1, sse4.2, popcnt, avx, avx2, aes, clmul, erms, 3dnowpref, lzcnt, ht, tsc, tscinvbit, bmi1, bmi2, adx

Memory: 4k page, physical 4050028k(842640k free), swap 16632940k(6052k free)

vm_info: Java HotSpot(TM) 64-Bit Server VM (25.91-b15) for windows-amd64 JRE (1.8.0_91-b15), built on May 20 2016 17:43:15 by "java_re" with MS VC++ 10.0 (VS2010)

time: Mon Oct 10 00:03:51 2016
elapsed time: 0 seconds (0d 0h 0m 0s)

